[01m[K/home/fra/ros2_master_ws/src/custom_robot_ik/src/test_ik.cpp:[m[K In function â€˜[01m[Kint main(int, char**)[m[Kâ€™:
[01m[K/home/fra/ros2_master_ws/src/custom_robot_ik/src/test_ik.cpp:95:5:[m[K [01;31m[Kerror: [m[Kâ€˜[01m[Kplanning_scene_interface[m[Kâ€™ was not declared in this scope
   95 |     [01;31m[Kplanning_scene_interface[m[K.applyCollisionObjects(collision_objects);
      |     [01;31m[K^~~~~~~~~~~~~~~~~~~~~~~~[m[K
gmake[2]: *** [CMakeFiles/test_ik.dir/build.make:76: CMakeFiles/test_ik.dir/src/test_ik.cpp.o] Error 1
gmake[1]: *** [CMakeFiles/Makefile2:137: CMakeFiles/test_ik.dir/all] Error 2
gmake: *** [Makefile:146: all] Error 2
